<?xml version="1.0" encoding="UTF-8"?>
<!-- Generated by org.testng.reporters.JUnitXMLReporter -->
<testsuite ignored="0" hostname="Prathap" failures="0" tests="12" name="TutorialsNinja Tests" time="66.304" errors="0" timestamp="2024-02-15T23:58:56 IST">
  <testcase classname="com.tutorialsninja.qa.testcases.Register" name="verifyRegisteringAccount" time="1.572"/>
  <testcase classname="com.tutorialsninja.qa.testcases.Register" name="verifyRegisteringByProvidingAllFields" time="1.612"/>
  <testcase classname="com.tutorialsninja.qa.testcases.Register" name="verifyRegisteringAccountWithExistingPassword" time="1.22"/>
  <testcase classname="com.tutorialsninja.qa.testcases.Register" name="verifyRegisteringWithoutUserdetails" time="0.566"/>
  <testcase classname="com.tutorialsninja.qa.testcases.Login" name="verifyLoginWithValidCredentials" time="1.033"/>
  <testcase classname="com.tutorialsninja.qa.testcases.Login" name="verifyLoginWithInvalidCrdentials" time="0.778"/>
  <testcase classname="com.tutorialsninja.qa.testcases.Login" name="verifyLoginWithInvalidPassword" time="0.852"/>
  <testcase classname="com.tutorialsninja.qa.testcases.Login" name="VerifyLoginwithoutAnyCredentials" time="0.916"/>
  <testcase classname="com.tutorialsninja.qa.testcases.Login" name="verifyLoginWithInvalidUsername" time="0.995"/>
  <testcase classname="com.tutorialsninja.qa.testcases.Search" name="verifySearchWithoutProduct" time="0.608"/>
  <testcase classname="com.tutorialsninja.qa.testcases.Search" name="verifySearchWithValidProduct" time="0.767"/>
  <testcase classname="com.tutorialsninja.qa.testcases.Search" name="verifySearchWithInValidProduct" time="0.602"/>
</testsuite> <!-- TutorialsNinja Tests -->
