<?xml version="1.0" encoding="UTF-8"?>
<!-- Generated by org.testng.reporters.JUnitXMLReporter -->
<testsuite ignored="0" hostname="Prathap" failures="0" tests="5" name="Default test" time="27.394" errors="0" timestamp="2024-02-16T02:50:12 IST">
  <testcase classname="com.tutorialsninja.qa.testcases.Login" name="verifyLoginWithValidCredentials" time="1.026"/>
  <testcase classname="com.tutorialsninja.qa.testcases.Login" name="verifyLoginWithInvalidCrdentials" time="0.8"/>
  <testcase classname="com.tutorialsninja.qa.testcases.Login" name="verifyLoginWithInvalidPassword" time="1.02"/>
  <testcase classname="com.tutorialsninja.qa.testcases.Login" name="VerifyLoginwithoutAnyCredentials" time="0.741"/>
  <testcase classname="com.tutorialsninja.qa.testcases.Login" name="verifyLoginWithInvalidUsername" time="0.945"/>
</testsuite> <!-- Default test -->
